-------------------------------------------------------------------------------
Test set: com.digitali.api.DigitaliTest
-------------------------------------------------------------------------------
Tests run: 1, Failures: 0, Errors: 1, Skipped: 0, Time elapsed: 10.023 s <<< FAILURE! - in com.digitali.api.DigitaliTest
contextLoads  Time elapsed: 0.002 s  <<< ERROR!
java.lang.IllegalStateException: Failed to load ApplicationContext
Caused by: org.springframework.beans.factory.UnsatisfiedDependencyException: Error creating bean with name 'securityConfig': Unsatisfied dependency expressed through field 'digitaliFilter'; nested exception is org.springframework.beans.factory.UnsatisfiedDependencyException: Error creating bean with name 'filter': Unsatisfied dependency expressed through field 'digitaliUtil'; nested exception is org.springframework.beans.factory.BeanCreationException: Error creating bean with name 'authenticationSecurityUtil': Injection of autowired dependencies failed; nested exception is java.lang.IllegalArgumentException: Could not resolve placeholder 'jwt.signing.key.secret' in value "${jwt.signing.key.secret}"
Caused by: org.springframework.beans.factory.UnsatisfiedDependencyException: Error creating bean with name 'filter': Unsatisfied dependency expressed through field 'digitaliUtil'; nested exception is org.springframework.beans.factory.BeanCreationException: Error creating bean with name 'authenticationSecurityUtil': Injection of autowired dependencies failed; nested exception is java.lang.IllegalArgumentException: Could not resolve placeholder 'jwt.signing.key.secret' in value "${jwt.signing.key.secret}"
Caused by: org.springframework.beans.factory.BeanCreationException: Error creating bean with name 'authenticationSecurityUtil': Injection of autowired dependencies failed; nested exception is java.lang.IllegalArgumentException: Could not resolve placeholder 'jwt.signing.key.secret' in value "${jwt.signing.key.secret}"
Caused by: java.lang.IllegalArgumentException: Could not resolve placeholder 'jwt.signing.key.secret' in value "${jwt.signing.key.secret}"

